2015/12/14 16:46:59 INFO  - jmeter.util.JMeterUtils: Setting Locale to es_ES 
2015/12/14 16:46:59 INFO  - jmeter.util.JMeterUtils: Could not find resources for 'es_ES', using 'es' 
2015/12/14 16:46:59 INFO  - jmeter.JMeter: Loading user properties from: /home/joseluisillana/ZZ_Trabajo/ZZ_Repositorios/GitPersonal/sparkjava-api-restful/mike-ingestion-api/recursos/apache-jmeter-2.13/bin/user.properties 
2015/12/14 16:46:59 INFO  - jmeter.JMeter: Loading system properties from: /home/joseluisillana/ZZ_Trabajo/ZZ_Repositorios/GitPersonal/sparkjava-api-restful/mike-ingestion-api/recursos/apache-jmeter-2.13/bin/system.properties 
2015/12/14 16:46:59 INFO  - jmeter.JMeter: Copyright (c) 1998-2015 The Apache Software Foundation 
2015/12/14 16:46:59 INFO  - jmeter.JMeter: Version 2.13 r1665067 
2015/12/14 16:46:59 INFO  - jmeter.JMeter: java.version=1.8.0_66 
2015/12/14 16:46:59 INFO  - jmeter.JMeter: java.vm.name=Java HotSpot(TM) 64-Bit Server VM 
2015/12/14 16:46:59 INFO  - jmeter.JMeter: os.name=Linux 
2015/12/14 16:46:59 INFO  - jmeter.JMeter: os.arch=amd64 
2015/12/14 16:46:59 INFO  - jmeter.JMeter: os.version=3.16.0-031600-generic 
2015/12/14 16:46:59 INFO  - jmeter.JMeter: file.encoding=UTF-8 
2015/12/14 16:46:59 INFO  - jmeter.JMeter: Default Locale=espa単ol (Espa単a) 
2015/12/14 16:46:59 INFO  - jmeter.JMeter: JMeter  Locale=espa単ol (Espa単a) 
2015/12/14 16:46:59 INFO  - jmeter.JMeter: JMeterHome=/home/joseluisillana/ZZ_Trabajo/ZZ_Repositorios/GitPersonal/sparkjava-api-restful/mike-ingestion-api/recursos/apache-jmeter-2.13 
2015/12/14 16:46:59 INFO  - jmeter.JMeter: user.dir  =/home/joseluisillana/ZZ_Trabajo/ZZ_Repositorios/GitPersonal/sparkjava-api-restful/mike-ingestion-api/recursos 
2015/12/14 16:46:59 INFO  - jmeter.JMeter: PWD       =/home/joseluisillana/ZZ_Trabajo/ZZ_Repositorios/GitPersonal/sparkjava-api-restful/mike-ingestion-api/recursos 
2015/12/14 16:46:59 INFO  - jmeter.JMeter: IP: 127.0.1.1 Name: INV00502 FullName: INV00502 
2015/12/14 16:46:59 INFO  - jmeter.gui.action.LookAndFeelCommand: Using look and feel: javax.swing.plaf.metal.MetalLookAndFeel [Metal, CrossPlatform] 
2015/12/14 16:46:59 INFO  - jmeter.JMeter: Loaded icon properties from org/apache/jmeter/images/icon.properties 
2015/12/14 16:47:01 INFO  - jmeter.engine.util.CompoundVariable: Note: Function class names must contain the string: '.functions.' 
2015/12/14 16:47:01 INFO  - jmeter.engine.util.CompoundVariable: Note: Function class names must not contain the string: '.gui.' 
2015/12/14 16:47:01 INFO  - jmeter.util.BSFTestElement: Registering JMeter version of JavaScript engine as work-round for BSF-22 
2015/12/14 16:47:02 INFO  - jmeter.protocol.http.sampler.HTTPSamplerBase: Cannot find .className property for htmlParser, using default 
2015/12/14 16:47:02 INFO  - jmeter.protocol.http.sampler.HTTPSamplerBase: Parser for text/html is  
2015/12/14 16:47:02 INFO  - jmeter.protocol.http.sampler.HTTPSamplerBase: Parser for application/xhtml+xml is  
2015/12/14 16:47:02 INFO  - jmeter.protocol.http.sampler.HTTPSamplerBase: Parser for application/xml is  
2015/12/14 16:47:02 INFO  - jmeter.protocol.http.sampler.HTTPSamplerBase: Parser for text/xml is  
2015/12/14 16:47:02 INFO  - jmeter.protocol.http.sampler.HTTPSamplerBase: Parser for text/vnd.wap.wml is org.apache.jmeter.protocol.http.parser.RegexpHTMLParser 
2015/12/14 16:47:02 INFO  - jmeter.gui.util.MenuFactory: Skipping org.apache.jmeter.protocol.http.control.gui.WebServiceSamplerGui 
2015/12/14 16:47:02 INFO  - jmeter.gui.util.MenuFactory: Skipping org.apache.jmeter.protocol.http.modifier.gui.ParamModifierGui 
2015/12/14 16:47:02 INFO  - jorphan.exec.KeyToolUtils: keytool found at 'keytool' 
2015/12/14 16:47:02 INFO  - jmeter.protocol.http.proxy.ProxyControl: HTTP(S) Test Script Recorder SSL Proxy will use keys that support embedded 3rd party resources in file /home/joseluisillana/ZZ_Trabajo/ZZ_Repositorios/GitPersonal/sparkjava-api-restful/mike-ingestion-api/recursos/apache-jmeter-2.13/bin/proxyserver.jks 
2015/12/14 16:47:03 INFO  - jmeter.samplers.SampleResult: Note: Sample TimeStamps are START times 
2015/12/14 16:47:03 INFO  - jmeter.samplers.SampleResult: sampleresult.default.encoding is set to ISO-8859-1 
2015/12/14 16:47:03 INFO  - jmeter.samplers.SampleResult: sampleresult.useNanoTime=true 
2015/12/14 16:47:03 INFO  - jmeter.samplers.SampleResult: sampleresult.nanoThreadSleep=5000 
2015/12/14 16:47:06 INFO  - jmeter.services.FileServer: Default base='/home/joseluisillana/ZZ_Trabajo/ZZ_Repositorios/GitPersonal/sparkjava-api-restful/mike-ingestion-api/recursos' 
2015/12/14 16:47:06 INFO  - jmeter.gui.action.Load: Loading file: /home/joseluisillana/ZZ_Trabajo/ZZ_Repositorios/GitPersonal/sparkjava-api-restful/mike-ingestion-api/recursos/kafka.jmx 
2015/12/14 16:47:06 INFO  - jmeter.services.FileServer: Set new base='/home/joseluisillana/ZZ_Trabajo/ZZ_Repositorios/GitPersonal/sparkjava-api-restful/mike-ingestion-api/recursos' 
2015/12/14 16:47:06 INFO  - jmeter.save.SaveService: Testplan (JMX) version: 2.2. Testlog (JTL) version: 2.2 
2015/12/14 16:47:06 INFO  - jmeter.save.SaveService: Using SaveService properties file encoding UTF-8 
2015/12/14 16:47:06 INFO  - jmeter.save.SaveService: Using SaveService properties file version 1656252 
2015/12/14 16:47:06 INFO  - jmeter.save.SaveService: Using SaveService properties version 2.8 
2015/12/14 16:47:06 INFO  - jmeter.save.SaveService: All converter versions present and correct 
2015/12/14 16:47:06 INFO  - jmeter.save.SaveService: Loading file: /home/joseluisillana/ZZ_Trabajo/ZZ_Repositorios/GitPersonal/sparkjava-api-restful/mike-ingestion-api/recursos/kafka.jmx 
2015/12/14 16:47:06 WARN  - jmeter.gui.action.Load: Unexpected error java.lang.IllegalArgumentException: Problem loading XML from:'/home/joseluisillana/ZZ_Trabajo/ZZ_Repositorios/GitPersonal/sparkjava-api-restful/mike-ingestion-api/recursos/kafka.jmx', cannot determine class for element: com.thoughtworks.xstream.mapper.CannotResolveClassException:  is-copy-enabled
	at org.apache.jmeter.save.SaveService.readTree(SaveService.java:574)
	at org.apache.jmeter.save.SaveService.loadTree(SaveService.java:537)
	at org.apache.jmeter.gui.action.Load.loadProjectFile(Load.java:130)
	at org.apache.jmeter.gui.action.Load.loadProjectFile(Load.java:102)
	at org.apache.jmeter.gui.action.Load.doAction(Load.java:89)
	at org.apache.jmeter.gui.action.ActionRouter.performAction(ActionRouter.java:81)
	at org.apache.jmeter.gui.action.ActionRouter.access$000(ActionRouter.java:40)
	at org.apache.jmeter.gui.action.ActionRouter$1.run(ActionRouter.java:63)
	at java.awt.event.InvocationEvent.dispatch(InvocationEvent.java:311)
	at java.awt.EventQueue.dispatchEventImpl(EventQueue.java:756)
	at java.awt.EventQueue.access$500(EventQueue.java:97)
	at java.awt.EventQueue$3.run(EventQueue.java:709)
	at java.awt.EventQueue$3.run(EventQueue.java:703)
	at java.security.AccessController.doPrivileged(Native Method)
	at java.security.ProtectionDomain$JavaSecurityAccessImpl.doIntersectionPrivilege(ProtectionDomain.java:76)
	at java.awt.EventQueue.dispatchEvent(EventQueue.java:726)
	at java.awt.EventDispatchThread.pumpOneEventForFilters(EventDispatchThread.java:201)
	at java.awt.EventDispatchThread.pumpEventsForFilter(EventDispatchThread.java:116)
	at java.awt.EventDispatchThread.pumpEventsForHierarchy(EventDispatchThread.java:105)
	at java.awt.EventDispatchThread.pumpEvents(EventDispatchThread.java:101)
	at java.awt.EventDispatchThread.pumpEvents(EventDispatchThread.java:93)
	at java.awt.EventDispatchThread.run(EventDispatchThread.java:82)
Caused by: com.thoughtworks.xstream.mapper.CannotResolveClassException:  is-copy-enabled
	at com.thoughtworks.xstream.mapper.DefaultMapper.realClass(DefaultMapper.java:79)
	at com.thoughtworks.xstream.mapper.MapperWrapper.realClass(MapperWrapper.java:30)
	at com.thoughtworks.xstream.mapper.DynamicProxyMapper.realClass(DynamicProxyMapper.java:55)
	at com.thoughtworks.xstream.mapper.MapperWrapper.realClass(MapperWrapper.java:30)
	at com.thoughtworks.xstream.mapper.PackageAliasingMapper.realClass(PackageAliasingMapper.java:88)
	at com.thoughtworks.xstream.mapper.MapperWrapper.realClass(MapperWrapper.java:30)
	at com.thoughtworks.xstream.mapper.ClassAliasingMapper.realClass(ClassAliasingMapper.java:79)
	at com.thoughtworks.xstream.mapper.MapperWrapper.realClass(MapperWrapper.java:30)
	at com.thoughtworks.xstream.mapper.MapperWrapper.realClass(MapperWrapper.java:30)
	at com.thoughtworks.xstream.mapper.MapperWrapper.realClass(MapperWrapper.java:30)
	at com.thoughtworks.xstream.mapper.MapperWrapper.realClass(MapperWrapper.java:30)
	at com.thoughtworks.xstream.mapper.MapperWrapper.realClass(MapperWrapper.java:30)
	at com.thoughtworks.xstream.mapper.MapperWrapper.realClass(MapperWrapper.java:30)
	at com.thoughtworks.xstream.mapper.ArrayMapper.realClass(ArrayMapper.java:74)
	at com.thoughtworks.xstream.mapper.MapperWrapper.realClass(MapperWrapper.java:30)
	at com.thoughtworks.xstream.mapper.MapperWrapper.realClass(MapperWrapper.java:30)
	at com.thoughtworks.xstream.mapper.MapperWrapper.realClass(MapperWrapper.java:30)
	at com.thoughtworks.xstream.mapper.MapperWrapper.realClass(MapperWrapper.java:30)
	at com.thoughtworks.xstream.mapper.MapperWrapper.realClass(MapperWrapper.java:30)
	at com.thoughtworks.xstream.mapper.MapperWrapper.realClass(MapperWrapper.java:30)
	at com.thoughtworks.xstream.mapper.MapperWrapper.realClass(MapperWrapper.java:30)
	at com.thoughtworks.xstream.mapper.SecurityMapper.realClass(SecurityMapper.java:71)
	at com.thoughtworks.xstream.mapper.MapperWrapper.realClass(MapperWrapper.java:30)
	at com.thoughtworks.xstream.mapper.MapperWrapper.realClass(MapperWrapper.java:30)
	at org.apache.jmeter.save.SaveService$XStreamWrapper$1.realClass(SaveService.java:94)
	at com.thoughtworks.xstream.mapper.MapperWrapper.realClass(MapperWrapper.java:30)
	at com.thoughtworks.xstream.mapper.CachingMapper.realClass(CachingMapper.java:47)
	at com.thoughtworks.xstream.core.util.HierarchicalStreams.readClassType(HierarchicalStreams.java:31)
	at com.thoughtworks.xstream.core.TreeUnmarshaller.start(TreeUnmarshaller.java:133)
	at com.thoughtworks.xstream.core.AbstractTreeMarshallingStrategy.unmarshal(AbstractTreeMarshallingStrategy.java:32)
	at com.thoughtworks.xstream.XStream.unmarshal(XStream.java:1206)
	at com.thoughtworks.xstream.XStream.unmarshal(XStream.java:1190)
	at com.thoughtworks.xstream.XStream.fromXML(XStream.java:1061)
	at org.apache.jmeter.save.SaveService.readTree(SaveService.java:559)
	... 21 more

2015/12/14 16:47:13 INFO  - jmeter.gui.action.Load: Loading file: /home/joseluisillana/ZZ_Trabajo/ZZ_Repositorios/GitPersonal/sparkjava-api-restful/mike-ingestion-api/recursos/JMeter_Kafka/apache-jmeter-2.13/kafka.jmx 
2015/12/14 16:47:13 INFO  - jmeter.services.FileServer: Set new base='/home/joseluisillana/ZZ_Trabajo/ZZ_Repositorios/GitPersonal/sparkjava-api-restful/mike-ingestion-api/recursos/JMeter_Kafka/apache-jmeter-2.13' 
2015/12/14 16:47:13 INFO  - jmeter.save.SaveService: Loading file: /home/joseluisillana/ZZ_Trabajo/ZZ_Repositorios/GitPersonal/sparkjava-api-restful/mike-ingestion-api/recursos/JMeter_Kafka/apache-jmeter-2.13/kafka.jmx 
2015/12/14 16:47:14 INFO  - jmeter.services.FileServer: Set new base='/home/joseluisillana/ZZ_Trabajo/ZZ_Repositorios/GitPersonal/sparkjava-api-restful/mike-ingestion-api/recursos/JMeter_Kafka/apache-jmeter-2.13' 
2015/12/14 16:47:25 INFO  - jmeter.gui.action.Load: Loading file: /home/joseluisillana/ZZ_Trabajo/ZZ_Repositorios/GitPersonal/sparkjava-api-restful/mike-ingestion-api/recursos/Prueba de SparkJava vs Kafka.jmx 
2015/12/14 16:47:25 INFO  - jmeter.services.FileServer: Set new base='/home/joseluisillana/ZZ_Trabajo/ZZ_Repositorios/GitPersonal/sparkjava-api-restful/mike-ingestion-api/recursos' 
2015/12/14 16:47:25 INFO  - jmeter.save.SaveService: Loading file: /home/joseluisillana/ZZ_Trabajo/ZZ_Repositorios/GitPersonal/sparkjava-api-restful/mike-ingestion-api/recursos/Prueba de SparkJava vs Kafka.jmx 
2015/12/14 16:47:25 INFO  - jmeter.services.FileServer: Set new base='/home/joseluisillana/ZZ_Trabajo/ZZ_Repositorios/GitPersonal/sparkjava-api-restful/mike-ingestion-api/recursos' 
2015/12/14 16:47:41 INFO  - jmeter.engine.StandardJMeterEngine: Listeners will be started after enabling running version 
2015/12/14 16:47:41 INFO  - jmeter.engine.StandardJMeterEngine: To revert to the earlier behaviour, define jmeterengine.startlistenerslater=false 
2015/12/14 16:47:41 INFO  - jmeter.engine.StandardJMeterEngine: Running the test! 
2015/12/14 16:47:41 INFO  - jmeter.samplers.SampleEvent: List of sample_variables: [] 
2015/12/14 16:47:41 INFO  - jmeter.samplers.SampleEvent: List of sample_variables: [] 
2015/12/14 16:47:41 INFO  - jmeter.gui.util.JMeterMenuBar: setRunning(true,*local*) 
2015/12/14 16:47:42 INFO  - jmeter.engine.StandardJMeterEngine: Starting ThreadGroup: 1 : Grupo de Hilos 
2015/12/14 16:47:42 INFO  - jmeter.engine.StandardJMeterEngine: Starting 5 threads for group Grupo de Hilos. 
2015/12/14 16:47:42 INFO  - jmeter.engine.StandardJMeterEngine: Thread will continue on error 
2015/12/14 16:47:42 INFO  - jmeter.threads.ThreadGroup: Starting thread group number 1 threads 5 ramp-up 1 perThread 200.0 delayedStart=false 
2015/12/14 16:47:42 INFO  - jmeter.threads.JMeterThread: jmeterthread.startearlier=true (see jmeter.properties) 
2015/12/14 16:47:42 INFO  - jmeter.threads.JMeterThread: Running PostProcessors in forward order 
2015/12/14 16:47:42 INFO  - jmeter.threads.JMeterThread: Thread started: Grupo de Hilos 1-1 
2015/12/14 16:47:42 INFO  - jmeter.protocol.http.sampler.HTTPHCAbstractImpl: Local host = INV00502 
2015/12/14 16:47:42 INFO  - jmeter.protocol.http.sampler.HTTPHC4Impl: HTTP request retry count = 0 
2015/12/14 16:47:42 INFO  - jmeter.protocol.http.sampler.HTTPHC4Impl: Setting up HTTPS TrustAll scheme 
2015/12/14 16:47:42 INFO  - jmeter.util.JsseSSLManager: Using default SSL protocol: TLS 
2015/12/14 16:47:42 INFO  - jmeter.util.JsseSSLManager: SSL session context: per-thread 
2015/12/14 16:47:42 INFO  - jmeter.threads.ThreadGroup: Started thread group number 1 
2015/12/14 16:47:42 INFO  - jmeter.engine.StandardJMeterEngine: All thread groups have been started 
2015/12/14 16:47:42 INFO  - jmeter.threads.JMeterThread: Thread started: Grupo de Hilos 1-2 
2015/12/14 16:47:42 INFO  - jmeter.threads.JMeterThread: Thread started: Grupo de Hilos 1-3 
2015/12/14 16:47:42 INFO  - jmeter.threads.JMeterThread: Thread started: Grupo de Hilos 1-4 
2015/12/14 16:47:42 INFO  - jmeter.threads.JMeterThread: Thread started: Grupo de Hilos 1-5 
2015/12/14 16:47:44 INFO  - jmeter.threads.JMeterThread: Thread is done: Grupo de Hilos 1-2 
2015/12/14 16:47:44 INFO  - jmeter.threads.JMeterThread: Thread finished: Grupo de Hilos 1-2 
2015/12/14 16:47:44 INFO  - jmeter.threads.JMeterThread: Thread is done: Grupo de Hilos 1-3 
2015/12/14 16:47:44 INFO  - jmeter.threads.JMeterThread: Thread finished: Grupo de Hilos 1-3 
2015/12/14 16:47:44 INFO  - jmeter.threads.JMeterThread: Thread is done: Grupo de Hilos 1-5 
2015/12/14 16:47:44 INFO  - jmeter.threads.JMeterThread: Thread finished: Grupo de Hilos 1-5 
2015/12/14 16:47:44 INFO  - jmeter.threads.JMeterThread: Thread is done: Grupo de Hilos 1-1 
2015/12/14 16:47:44 INFO  - jmeter.threads.JMeterThread: Thread finished: Grupo de Hilos 1-1 
2015/12/14 16:47:44 INFO  - jmeter.threads.JMeterThread: Thread is done: Grupo de Hilos 1-4 
2015/12/14 16:47:44 INFO  - jmeter.threads.JMeterThread: Thread finished: Grupo de Hilos 1-4 
2015/12/14 16:47:44 INFO  - jmeter.engine.StandardJMeterEngine: Notifying test listeners of end of test 
2015/12/14 16:47:44 INFO  - jmeter.gui.util.JMeterMenuBar: setRunning(false,*local*) 
